<?xml version="1.0" encoding="UTF-8"?>
<testng-results ignored="0" total="1" passed="1" failed="0" skipped="0">
  <reporter-output>
  </reporter-output>
  <suite started-at="2021-07-01T22:48:42 GMT-07:00" name="Suite" finished-at="2021-07-01T22:49:02 GMT-07:00" duration-ms="19788">
    <groups>
      <group name="cucumber">
        <method signature="AbstractTestNGCucumberTests.feature(cucumber.api.testng.CucumberFeatureWrapper)[pri:0, instance:TestRunnerPackage.TestRunner@32ee6fee]" name="feature" class="cucumber.api.testng.AbstractTestNGCucumberTests"/>
      </group> <!-- cucumber -->
    </groups>
    <test started-at="2021-07-01T22:48:42 GMT-07:00" name="Validating User login" finished-at="2021-07-01T22:49:02 GMT-07:00" duration-ms="19788">
      <class name="TestRunnerPackage.TestRunner">
        <test-method is-config="true" signature="setUpClass()[pri:0, instance:TestRunnerPackage.TestRunner@32ee6fee]" started-at="2021-07-01T22:48:42 GMT-07:00" name="setUpClass" finished-at="2021-07-01T22:48:42 GMT-07:00" duration-ms="188" status="PASS">
          <reporter-output>
          </reporter-output>
        </test-method> <!-- setUpClass -->
        <test-method signature="feature(cucumber.api.testng.CucumberFeatureWrapper)[pri:0, instance:TestRunnerPackage.TestRunner@32ee6fee]" started-at="2021-07-01T22:48:42 GMT-07:00" name="feature" description="Runs Cucumber Feature" data-provider="features" finished-at="2021-07-01T22:49:02 GMT-07:00" duration-ms="19509" status="PASS">
          <params>
            <param index="0">
              <value>
                <![CDATA[Application login]]>
              </value>
            </param>
          </params>
          <reporter-output>
          </reporter-output>
        </test-method> <!-- feature -->
        <test-method is-config="true" signature="tearDownClass()[pri:0, instance:TestRunnerPackage.TestRunner@32ee6fee]" started-at="2021-07-01T22:49:02 GMT-07:00" name="tearDownClass" finished-at="2021-07-01T22:49:02 GMT-07:00" duration-ms="3" status="PASS">
          <reporter-output>
          </reporter-output>
        </test-method> <!-- tearDownClass -->
      </class> <!-- TestRunnerPackage.TestRunner -->
    </test> <!-- Validating User login -->
  </suite> <!-- Suite -->
</testng-results>
