<?xml version="1.0" encoding="UTF-8"?>
<testng-results total="1" passed="1" failed="0" skipped="0">
  <reporter-output>
  </reporter-output>
  <suite started-at="2021-07-02T05:39:43Z" name="Suite" finished-at="2021-07-02T05:39:54Z" duration-ms="10834">
    <groups>
      <group name="cucumber">
        <method signature="AbstractTestNGCucumberTests.feature(cucumber.api.testng.CucumberFeatureWrapper)[pri:0, instance:TestRunnerPackage.TestRunner@8c3b9d]" name="feature" class="cucumber.api.testng.AbstractTestNGCucumberTests"/>
      </group> <!-- cucumber -->
    </groups>
    <test started-at="2021-07-02T05:39:43Z" name="Validating User login" finished-at="2021-07-02T05:39:54Z" duration-ms="10834">
      <class name="TestRunnerPackage.TestRunner">
        <test-method is-config="true" signature="setUpClass()[pri:0, instance:TestRunnerPackage.TestRunner@8c3b9d]" started-at="2021-07-01T22:39:43Z" name="setUpClass" finished-at="2021-07-01T22:39:44Z" duration-ms="260" status="PASS">
          <reporter-output>
          </reporter-output>
        </test-method> <!-- setUpClass -->
        <test-method signature="feature(cucumber.api.testng.CucumberFeatureWrapper)[pri:0, instance:TestRunnerPackage.TestRunner@8c3b9d]" started-at="2021-07-01T22:39:44Z" name="feature" description="Runs Cucumber Feature" data-provider="features" finished-at="2021-07-01T22:39:54Z" duration-ms="10483" status="PASS">
          <params>
            <param index="0">
              <value>
                <![CDATA[Application login]]>
              </value>
            </param>
          </params>
          <reporter-output>
          </reporter-output>
        </test-method> <!-- feature -->
        <test-method is-config="true" signature="tearDownClass()[pri:0, instance:TestRunnerPackage.TestRunner@8c3b9d]" started-at="2021-07-01T22:39:54Z" name="tearDownClass" finished-at="2021-07-01T22:39:54Z" duration-ms="4" status="PASS">
          <reporter-output>
          </reporter-output>
        </test-method> <!-- tearDownClass -->
      </class> <!-- TestRunnerPackage.TestRunner -->
    </test> <!-- Validating User login -->
  </suite> <!-- Suite -->
</testng-results>
